<?xml version="1.0" ?>
<coverage version="5.2.1" timestamp="1624113044101" lines-valid="271" lines-covered="47" line-rate="0.1734" branches-valid="146" branches-covered="1" branch-rate="0.006849" complexity="0">
	<!-- Generated by coverage.py: https://coverage.readthedocs.io -->
	<!-- Based on https://raw.githubusercontent.com/cobertura/web/master/htdocs/xml/coverage-04.dtd -->
	<sources>
		<source>/home/rewtd/src/owasp/cornucopia</source>
	</sources>
	<packages>
		<package name="scripts" line-rate="0.1734" branch-rate="0.006849" complexity="0">
			<classes>
				<class name="convert.py" filename="scripts/convert.py" complexity="0" line-rate="0.1734" branch-rate="0.006849">
					<methods/>
					<lines>
						<line number="3" hits="1"/>
						<line number="4" hits="1"/>
						<line number="5" hits="1"/>
						<line number="6" hits="1"/>
						<line number="7" hits="1"/>
						<line number="8" hits="1"/>
						<line number="9" hits="1"/>
						<line number="10" hits="1"/>
						<line number="11" hits="1"/>
						<line number="12" hits="1"/>
						<line number="13" hits="1"/>
						<line number="14" hits="1"/>
						<line number="15" hits="1"/>
						<line number="16" hits="1"/>
						<line number="18" hits="1"/>
						<line number="19" hits="1"/>
						<line number="20" hits="1"/>
						<line number="21" hits="1"/>
						<line number="22" hits="1"/>
						<line number="23" hits="1"/>
						<line number="24" hits="1"/>
						<line number="27" hits="1"/>
						<line number="28" hits="0"/>
						<line number="33" hits="0"/>
						<line number="34" hits="0"/>
						<line number="38" hits="0" branch="true" condition-coverage="0% (0/2)" missing-branches="39,44"/>
						<line number="39" hits="0"/>
						<line number="41" hits="0" branch="true" condition-coverage="0% (0/2)" missing-branches="42,45"/>
						<line number="42" hits="0"/>
						<line number="44" hits="0"/>
						<line number="45" hits="0"/>
						<line number="48" hits="0"/>
						<line number="50" hits="0" branch="true" condition-coverage="0% (0/2)" missing-branches="51,57"/>
						<line number="51" hits="0"/>
						<line number="52" hits="0"/>
						<line number="53" hits="0"/>
						<line number="55" hits="0"/>
						<line number="57" hits="0"/>
						<line number="59" hits="0"/>
						<line number="61" hits="0"/>
						<line number="63" hits="0" branch="true" condition-coverage="0% (0/2)" missing-branches="64,71"/>
						<line number="64" hits="0"/>
						<line number="65" hits="0"/>
						<line number="66" hits="0"/>
						<line number="68" hits="0"/>
						<line number="71" hits="0"/>
						<line number="73" hits="0"/>
						<line number="76" hits="0"/>
						<line number="78" hits="0" branch="true" condition-coverage="0% (0/2)" missing-branches="79,87"/>
						<line number="79" hits="0"/>
						<line number="83" hits="0"/>
						<line number="84" hits="0"/>
						<line number="86" hits="0"/>
						<line number="87" hits="0"/>
						<line number="90" hits="0"/>
						<line number="93" hits="0" branch="true" condition-coverage="0% (0/2)" missing-branches="94,145"/>
						<line number="94" hits="0"/>
						<line number="96" hits="0"/>
						<line number="99" hits="0"/>
						<line number="101" hits="0"/>
						<line number="104" hits="0"/>
						<line number="106" hits="0" branch="true" condition-coverage="0% (0/2)" missing-branches="108,113"/>
						<line number="108" hits="0"/>
						<line number="113" hits="0"/>
						<line number="114" hits="0"/>
						<line number="115" hits="0"/>
						<line number="118" hits="0"/>
						<line number="119" hits="0" branch="true" condition-coverage="0% (0/2)" missing-branches="121,132"/>
						<line number="121" hits="0"/>
						<line number="132" hits="0"/>
						<line number="137" hits="0"/>
						<line number="138" hits="0"/>
						<line number="139" hits="0"/>
						<line number="142" hits="0"/>
						<line number="145" hits="0" branch="true" condition-coverage="0% (0/2)" missing-branches="146,208"/>
						<line number="146" hits="0"/>
						<line number="147" hits="0" branch="true" condition-coverage="0% (0/2)" missing-branches="149,163"/>
						<line number="149" hits="0"/>
						<line number="150" hits="0"/>
						<line number="151" hits="0" branch="true" condition-coverage="0% (0/2)" missing-branches="152,154"/>
						<line number="152" hits="0" branch="true" condition-coverage="0% (0/2)" missing-branches="151,153"/>
						<line number="153" hits="0"/>
						<line number="154" hits="0"/>
						<line number="160" hits="0"/>
						<line number="163" hits="0"/>
						<line number="166" hits="0"/>
						<line number="167" hits="0"/>
						<line number="169" hits="0"/>
						<line number="170" hits="0"/>
						<line number="173" hits="0"/>
						<line number="174" hits="0"/>
						<line number="175" hits="0"/>
						<line number="177" hits="0"/>
						<line number="178" hits="0"/>
						<line number="179" hits="0"/>
						<line number="181" hits="0" branch="true" condition-coverage="0% (0/2)" missing-branches="182,202"/>
						<line number="182" hits="0" branch="true" condition-coverage="0% (0/2)" missing-branches="184,185"/>
						<line number="184" hits="0"/>
						<line number="185" hits="0"/>
						<line number="186" hits="0"/>
						<line number="187" hits="0"/>
						<line number="188" hits="0" branch="true" condition-coverage="0% (0/2)" missing-branches="189,197"/>
						<line number="189" hits="0" branch="true" condition-coverage="0% (0/2)" missing-branches="190,193"/>
						<line number="190" hits="0"/>
						<line number="191" hits="0"/>
						<line number="192" hits="0"/>
						<line number="193" hits="0" branch="true" condition-coverage="0% (0/2)" missing-branches="188,194"/>
						<line number="194" hits="0"/>
						<line number="195" hits="0"/>
						<line number="196" hits="0"/>
						<line number="197" hits="0" branch="true" condition-coverage="0% (0/2)" missing-branches="181,198"/>
						<line number="198" hits="0"/>
						<line number="199" hits="0"/>
						<line number="202" hits="0"/>
						<line number="203" hits="0"/>
						<line number="206" hits="0" branch="true" condition-coverage="0% (0/2)" missing-branches="207,208"/>
						<line number="207" hits="0"/>
						<line number="208" hits="0"/>
						<line number="211" hits="1"/>
						<line number="213" hits="0"/>
						<line number="214" hits="0" branch="true" condition-coverage="0% (0/2)" missing-branches="216,222"/>
						<line number="216" hits="0" branch="true" condition-coverage="0% (0/2)" missing-branches="217,219"/>
						<line number="217" hits="0"/>
						<line number="219" hits="0"/>
						<line number="222" hits="0" branch="true" condition-coverage="0% (0/2)" missing-branches="224,226"/>
						<line number="224" hits="0"/>
						<line number="226" hits="0"/>
						<line number="229" hits="0" branch="true" condition-coverage="0% (0/2)" missing-branches="230,232"/>
						<line number="230" hits="0"/>
						<line number="231" hits="0"/>
						<line number="232" hits="0"/>
						<line number="234" hits="0" branch="true" condition-coverage="0% (0/2)" missing-branches="235,241"/>
						<line number="235" hits="0"/>
						<line number="236" hits="0"/>
						<line number="237" hits="0"/>
						<line number="239" hits="0"/>
						<line number="241" hits="0"/>
						<line number="244" hits="1"/>
						<line number="246" hits="0" branch="true" condition-coverage="0% (0/2)" missing-branches="248,254"/>
						<line number="248" hits="0" branch="true" condition-coverage="0% (0/2)" missing-branches="249,251"/>
						<line number="249" hits="0"/>
						<line number="251" hits="0"/>
						<line number="254" hits="0" branch="true" condition-coverage="0% (0/2)" missing-branches="256,261"/>
						<line number="256" hits="0"/>
						<line number="261" hits="0"/>
						<line number="264" hits="0" branch="true" condition-coverage="0% (0/2)" missing-branches="265,269"/>
						<line number="265" hits="0"/>
						<line number="266" hits="0"/>
						<line number="269" hits="0"/>
						<line number="278" hits="0" branch="true" condition-coverage="0% (0/2)" missing-branches="279,280"/>
						<line number="279" hits="0"/>
						<line number="280" hits="0"/>
						<line number="281" hits="0" branch="true" condition-coverage="0% (0/2)" missing-branches="282,283"/>
						<line number="282" hits="0"/>
						<line number="283" hits="0"/>
						<line number="285" hits="0"/>
						<line number="286" hits="0"/>
						<line number="289" hits="1"/>
						<line number="290" hits="0" branch="true" condition-coverage="0% (0/2)" missing-branches="291,297"/>
						<line number="291" hits="0"/>
						<line number="292" hits="0" branch="true" condition-coverage="0% (0/2)" missing-branches="293,295"/>
						<line number="293" hits="0" branch="true" condition-coverage="0% (0/2)" missing-branches="292,294"/>
						<line number="294" hits="0"/>
						<line number="295" hits="0"/>
						<line number="297" hits="0"/>
						<line number="300" hits="1"/>
						<line number="308" hits="0"/>
						<line number="309" hits="0" branch="true" condition-coverage="0% (0/2)" missing-branches="exit,310"/>
						<line number="310" hits="0"/>
						<line number="311" hits="0"/>
						<line number="313" hits="0" branch="true" condition-coverage="0% (0/2)" missing-branches="317,319"/>
						<line number="317" hits="0"/>
						<line number="318" hits="0"/>
						<line number="319" hits="0" branch="true" condition-coverage="0% (0/2)" missing-branches="309,322"/>
						<line number="322" hits="0"/>
						<line number="323" hits="0"/>
						<line number="326" hits="1"/>
						<line number="328" hits="0"/>
						<line number="330" hits="0"/>
						<line number="331" hits="0" branch="true" condition-coverage="0% (0/2)" missing-branches="333,375"/>
						<line number="333" hits="0" branch="true" condition-coverage="0% (0/2)" missing-branches="334,338"/>
						<line number="334" hits="0" branch="true" condition-coverage="0% (0/2)" missing-branches="335,337"/>
						<line number="335" hits="0"/>
						<line number="337" hits="0"/>
						<line number="338" hits="0"/>
						<line number="339" hits="0" branch="true" condition-coverage="0% (0/2)" missing-branches="331,341"/>
						<line number="341" hits="0" branch="true" condition-coverage="0% (0/2)" missing-branches="342,347"/>
						<line number="342" hits="0" branch="true" condition-coverage="0% (0/2)" missing-branches="343,345"/>
						<line number="343" hits="0"/>
						<line number="345" hits="0"/>
						<line number="347" hits="0"/>
						<line number="348" hits="0" branch="true" condition-coverage="0% (0/2)" missing-branches="339,349"/>
						<line number="349" hits="0" branch="true" condition-coverage="0% (0/2)" missing-branches="350,368"/>
						<line number="350" hits="0"/>
						<line number="352" hits="0" branch="true" condition-coverage="0% (0/2)" missing-branches="353,356"/>
						<line number="353" hits="0"/>
						<line number="356" hits="0" branch="true" condition-coverage="0% (0/2)" missing-branches="357,361"/>
						<line number="357" hits="0" branch="true" condition-coverage="0% (0/2)" missing-branches="358,361"/>
						<line number="358" hits="0" branch="true" condition-coverage="0% (0/2)" missing-branches="exit,361"/>
						<line number="361" hits="0" branch="true" condition-coverage="0% (0/2)" missing-branches="362,363"/>
						<line number="362" hits="0"/>
						<line number="363" hits="0" branch="true" condition-coverage="0% (0/2)" missing-branches="364,366"/>
						<line number="364" hits="0"/>
						<line number="366" hits="0"/>
						<line number="368" hits="0" branch="true" condition-coverage="0% (0/2)" missing-branches="348,369"/>
						<line number="369" hits="0"/>
						<line number="370" hits="0" branch="true" condition-coverage="0% (0/2)" missing-branches="371,373"/>
						<line number="371" hits="0"/>
						<line number="373" hits="0"/>
						<line number="375" hits="0" branch="true" condition-coverage="0% (0/2)" missing-branches="exit,379"/>
						<line number="379" hits="0" branch="true" condition-coverage="0% (0/2)" missing-branches="exit,383"/>
						<line number="383" hits="0"/>
						<line number="386" hits="1"/>
						<line number="388" hits="0"/>
						<line number="389" hits="0" branch="true" condition-coverage="0% (0/2)" missing-branches="exit,390"/>
						<line number="390" hits="0" branch="true" condition-coverage="0% (0/2)" missing-branches="389,391"/>
						<line number="391" hits="0"/>
						<line number="392" hits="0"/>
						<line number="395" hits="1"/>
						<line number="397" hits="0" branch="true" condition-coverage="0% (0/2)" missing-branches="exit,398"/>
						<line number="398" hits="0"/>
						<line number="401" hits="1"/>
						<line number="408" hits="0"/>
						<line number="411" hits="0"/>
						<line number="412" hits="0" branch="true" condition-coverage="0% (0/2)" missing-branches="413,417"/>
						<line number="413" hits="0" branch="true" condition-coverage="0% (0/2)" missing-branches="412,414"/>
						<line number="414" hits="0" branch="true" condition-coverage="0% (0/2)" missing-branches="413,415"/>
						<line number="415" hits="0" branch="true" condition-coverage="0% (0/2)" missing-branches="414,416"/>
						<line number="416" hits="0"/>
						<line number="417" hits="0" branch="true" condition-coverage="0% (0/2)" missing-branches="418,438"/>
						<line number="418" hits="0" branch="true" condition-coverage="0% (0/2)" missing-branches="exit,419"/>
						<line number="419" hits="0" branch="true" condition-coverage="0% (0/2)" missing-branches="417,420"/>
						<line number="420" hits="0"/>
						<line number="423" hits="0" branch="true" condition-coverage="0% (0/2)" missing-branches="419,424"/>
						<line number="424" hits="0" branch="true" condition-coverage="0% (0/2)" missing-branches="exit,428"/>
						<line number="428" hits="0"/>
						<line number="429" hits="0" branch="true" condition-coverage="0% (0/2)" missing-branches="430,431"/>
						<line number="430" hits="0"/>
						<line number="431" hits="0"/>
						<line number="432" hits="0" branch="true" condition-coverage="0% (0/2)" missing-branches="exit,435"/>
						<line number="435" hits="0" branch="true" condition-coverage="0% (0/2)" missing-branches="419,437"/>
						<line number="437" hits="0"/>
						<line number="438" hits="0"/>
						<line number="441" hits="1"/>
						<line number="443" hits="0" branch="true" condition-coverage="0% (0/2)" missing-branches="444,446"/>
						<line number="444" hits="0"/>
						<line number="446" hits="0"/>
						<line number="447" hits="0"/>
						<line number="450" hits="1"/>
						<line number="452" hits="0"/>
						<line number="453" hits="0" branch="true" condition-coverage="0% (0/2)" missing-branches="454,456"/>
						<line number="454" hits="0" branch="true" condition-coverage="0% (0/2)" missing-branches="453,455"/>
						<line number="455" hits="0"/>
						<line number="456" hits="0"/>
						<line number="459" hits="0"/>
						<line number="462" hits="1"/>
						<line number="464" hits="1"/>
						<line number="465" hits="1"/>
						<line number="466" hits="1"/>
						<line number="467" hits="1"/>
						<line number="468" hits="1"/>
						<line number="469" hits="1"/>
						<line number="480" hits="1"/>
						<line number="481" hits="1"/>
						<line number="489" hits="1"/>
						<line number="499" hits="1"/>
						<line number="500" hits="1"/>
						<line number="511" hits="1"/>
						<line number="517" hits="1"/>
						<line number="520" hits="1" branch="true" condition-coverage="50% (1/2)" missing-branches="521"/>
						<line number="521" hits="0"/>
					</lines>
				</class>
			</classes>
		</package>
	</packages>
</coverage>
